WARNING:tensorflow:From /home/minbyul/Transformer/model.py:227: softmax_cross_entropy_with_logits (from tensorflow.python.ops.nn_ops) is deprecated and will be removed in a future version.
Instructions for updating:

Future major versions of TensorFlow will allow gradients to flow
into the labels input on backprop by default.

See @{tf.nn.softmax_cross_entropy_with_logits_v2}.

2019-08-01 22:09:42.737828: E tensorflow/stream_executor/cuda/cuda_driver.cc:903] failed to allocate 3.65G (3922657280 bytes) from device: CUDA_ERROR_OUT_OF_MEMORY
train.de train file making indexing table time: 2.417
dictionary size :  207205
total number of sentences :  196884
max length of the word :  78

train.en train file making indexing table time: 2.634
dictionary size :  123156
total number of sentences :  196884
max length of the word :  61

Source Matrix Shape (DE): (196884, 40)
Target Matrix Shape (EN): (196884, 40)

------------------------ Show the example case ------------------------
[ 4  5  6  7  8  9 10 11 12 13  1  0  0  0  0  0  0  0  0  0  0  0  0  0
  0  0  0  0  0  0  0  0  0  0  0  0  0  0  0  0]
[ 3  4  5  6  7  8  9 10 11 12  1  0  0  0  0  0  0  0  0  0  0  0  0  0
  0  0  0  0  0  0  0  0  0  0  0  0  0  0  0  0]
------------------------ Show the example case ------------------------
[ 42 123 124 125  22 116 126   1   0   0   0   0   0   0   0   0   0   0
   0   0   0   0   0   0   0   0   0   0   0   0   0   0   0   0   0   0
   0   0   0   0]
[  3  77  29  22 119  73  25  22 120   1   0   0   0   0   0   0   0   0
   0   0   0   0   0   0   0   0   0   0   0   0   0   0   0   0   0   0
   0   0   0   0]
Reduced Source Matrix shape (DE): (196864, 40)
Reduced Target Matrix shape (EN): (196864, 40)
Shape of Source Matrix (DE): (64, 3076, 40)
Shape of Target Matrix (EN): (64, 3076, 40)
Shape of Source Matrix (DE): (3076, 64, 40)
Shape of Target Matrix (EN): (3076, 64, 40)
IWSLT16.TEDX.dev2012.de-en.de.xml dev file making indexing table time: 0.013
total number of sentences : 1219

IWSLT16.TEDX.dev2012.de-en.en.xml dev file making indexing table time: 0.013
total number of sentences : 1219

Source Matrix Shape (DE): (1165, 40)
Target Matrix Shape (EN): (1165, 40)

------------------------ Show the example case ------------------------
[18788  6640  2520  4600  5619     1     0     0     0     0     0     0
     0     0     0     0     0     0     0     0     0     0     0     0
     0     0     0     0     0     0     0     0     0     0     0     0
     0     0     0     0]
[    3 30461 14808 45855 47608     1     0     0     0     0     0     0
     0     0     0     0     0     0     0     0     0     0     0     0
     0     0     0     0     0     0     0     0     0     0     0     0
     0     0     0     0]
------------------------ Show the example case ------------------------
[  219   105  1129 18069 18070    22   116 33504  6640    28  1754     2
 33750  6640   529 20622   277  8091  5619     1     0     0     0     0
     0     0     0     0     0     0     0     0     0     0     0     0
     0     0     0     0]
[    3   795 42119 14071 14072    25    22  5683 22920   445    16  2443
 73441 14808     2 15368   258    21 25254 47608     1     0     0     0
     0     0     0     0     0     0     0     0     0     0     0     0
     0     0     0     0]
Reduced Source Matrix shape (DE): (1152, 40)
Reduced Target Matrix shape (EN): (1152, 40)
Shape of Source Matrix (DE): (64, 18, 40)
Shape of Target Matrix (EN): (64, 18, 40)
Shape of Source Matrix (DE): (18, 64, 40)
Shape of Target Matrix (EN): (18, 64, 40)
token number : 207205
embedding scaling is executed
position encoding scaling is executed
token number : 123156
embedding scaling is executed
position encoding scaling is executed
----- Training start with initialized variable -----

epoch : 0, global_step : 100, loss : 85.363, time : 48.83

epoch : 0, global_step : 200, loss : 72.041, time : 91.94

epoch : 0, global_step : 300, loss : 61.139, time : 135.39

epoch : 0, global_step : 400, loss : 53.488, time : 178.83

epoch : 0, global_step : 500, loss : 43.809, time : 222.52

epoch : 0, global_step : 600, loss : 39.810, time : 266.31

epoch : 0, global_step : 700, loss : 33.980, time : 310.32

epoch : 0, global_step : 800, loss : 27.812, time : 354.18

epoch : 0, global_step : 900, loss : 23.848, time : 398.12

epoch : 0, global_step : 1000, loss : 20.910, time : 442.07

epoch : 0, global_step : 1100, loss : 19.672, time : 486.11

epoch : 0, global_step : 1200, loss : 17.555, time : 529.79

epoch : 0, global_step : 1300, loss : 14.688, time : 573.58

epoch : 0, global_step : 1400, loss : 14.513, time : 617.46

epoch : 0, global_step : 1500, loss : 13.340, time : 661.24

epoch : 0, global_step : 1600, loss : 12.540, time : 704.93

epoch : 0, global_step : 1700, loss : 11.207, time : 748.67

epoch : 0, global_step : 1800, loss : 11.174, time : 792.57

epoch : 0, global_step : 1900, loss : 10.724, time : 836.36

epoch : 0, global_step : 2000, loss : 10.343, time : 880.18

epoch : 0, global_step : 2100, loss : 10.404, time : 923.95

epoch : 0, global_step : 2200, loss : 10.305, time : 967.77

epoch : 0, global_step : 2300, loss : 9.680, time : 1011.55

epoch : 0, global_step : 2400, loss : 9.421, time : 1055.33

epoch : 0, global_step : 2500, loss : 9.394, time : 1099.18

epoch : 0, global_step : 2600, loss : 9.346, time : 1143.06

epoch : 0, global_step : 2700, loss : 9.296, time : 1186.91

epoch : 0, global_step : 2800, loss : 8.954, time : 1230.73

epoch : 0, global_step : 2900, loss : 8.885, time : 1274.73

epoch : 0, global_step : 3000, loss : 8.568, time : 1318.71

dev-epoch : 0, loss : 9.553, time : 1354.10

dev-epoch : 0, loss : 9.313, time : 1354.33

dev-epoch : 0, loss : 9.350, time : 1354.56

dev-epoch : 0, loss : 9.817, time : 1354.79

dev-epoch : 0, loss : 9.023, time : 1355.02

dev-epoch : 0, loss : 9.614, time : 1355.25

dev-epoch : 0, loss : 9.311, time : 1355.48

dev-epoch : 0, loss : 9.688, time : 1355.71

dev-epoch : 0, loss : 9.247, time : 1355.95

dev-epoch : 0, loss : 9.549, time : 1356.17

dev-epoch : 0, loss : 9.546, time : 1356.41

dev-epoch : 0, loss : 9.333, time : 1356.64

dev-epoch : 0, loss : 9.285, time : 1356.87

dev-epoch : 0, loss : 9.715, time : 1357.11

dev-epoch : 0, loss : 9.597, time : 1357.35

dev-epoch : 0, loss : 9.124, time : 1357.58

dev-epoch : 0, loss : 9.014, time : 1357.81

dev-epoch : 0, loss : 9.284, time : 1358.04

one epoch done, spend time : 1358.0425021648407
Successfully saved model

epoch : 1, global_step : 3176, loss : 8.192, time : 43.75

epoch : 1, global_step : 3276, loss : 8.768, time : 87.60

epoch : 1, global_step : 3376, loss : 8.445, time : 131.34

epoch : 1, global_step : 3476, loss : 8.887, time : 175.23

epoch : 1, global_step : 3576, loss : 7.875, time : 219.21

epoch : 1, global_step : 3676, loss : 8.209, time : 263.29

epoch : 1, global_step : 3776, loss : 8.545, time : 307.18

epoch : 1, global_step : 3876, loss : 7.807, time : 350.92

epoch : 1, global_step : 3976, loss : 7.702, time : 395.00

epoch : 1, global_step : 4076, loss : 7.577, time : 438.99

epoch : 1, global_step : 4176, loss : 7.970, time : 482.98

epoch : 1, global_step : 4276, loss : 7.832, time : 527.05

epoch : 1, global_step : 4376, loss : 7.593, time : 571.05

epoch : 1, global_step : 4476, loss : 7.963, time : 615.12

epoch : 1, global_step : 4576, loss : 7.654, time : 659.07

epoch : 1, global_step : 4676, loss : 7.570, time : 703.25

epoch : 1, global_step : 4776, loss : 7.378, time : 747.42

epoch : 1, global_step : 4876, loss : 7.597, time : 791.53

epoch : 1, global_step : 4976, loss : 7.641, time : 835.65

epoch : 1, global_step : 5076, loss : 7.582, time : 879.77

epoch : 1, global_step : 5176, loss : 7.745, time : 924.11

epoch : 1, global_step : 5276, loss : 7.671, time : 968.21

epoch : 1, global_step : 5376, loss : 7.629, time : 1012.52

epoch : 1, global_step : 5476, loss : 7.496, time : 1056.70

epoch : 1, global_step : 5576, loss : 7.719, time : 1100.86

epoch : 1, global_step : 5676, loss : 7.629, time : 1144.93

epoch : 1, global_step : 5776, loss : 7.599, time : 1189.17

epoch : 1, global_step : 5876, loss : 7.598, time : 1233.30

epoch : 1, global_step : 5976, loss : 7.559, time : 1277.37

epoch : 1, global_step : 6076, loss : 7.522, time : 1321.65

dev-epoch : 1, loss : 7.875, time : 1355.32

dev-epoch : 1, loss : 7.721, time : 1355.56

dev-epoch : 1, loss : 7.734, time : 1355.79

dev-epoch : 1, loss : 8.056, time : 1356.02

dev-epoch : 1, loss : 7.494, time : 1356.26

dev-epoch : 1, loss : 7.752, time : 1356.49

dev-epoch : 1, loss : 7.827, time : 1356.72

dev-epoch : 1, loss : 7.925, time : 1356.95

dev-epoch : 1, loss : 7.679, time : 1357.18

dev-epoch : 1, loss : 7.766, time : 1357.41

dev-epoch : 1, loss : 7.856, time : 1357.65

dev-epoch : 1, loss : 7.744, time : 1357.87

dev-epoch : 1, loss : 7.710, time : 1358.11

dev-epoch : 1, loss : 7.944, time : 1358.34

dev-epoch : 1, loss : 7.906, time : 1358.56

dev-epoch : 1, loss : 7.641, time : 1358.80

dev-epoch : 1, loss : 7.595, time : 1359.02

dev-epoch : 1, loss : 7.674, time : 1359.26

one epoch done, spend time : 1359.25607919693
Successfully saved model

epoch : 2, global_step : 6252, loss : 7.347, time : 43.92

epoch : 2, global_step : 6352, loss : 7.685, time : 87.94

epoch : 2, global_step : 6452, loss : 7.656, time : 131.92

epoch : 2, global_step : 6552, loss : 7.723, time : 176.01

epoch : 2, global_step : 6652, loss : 7.147, time : 220.06

epoch : 2, global_step : 6752, loss : 7.590, time : 263.99

epoch : 2, global_step : 6852, loss : 7.694, time : 307.96

epoch : 2, global_step : 6952, loss : 7.258, time : 352.18

epoch : 2, global_step : 7052, loss : 7.206, time : 396.27

epoch : 2, global_step : 7152, loss : 7.109, time : 440.28

epoch : 2, global_step : 7252, loss : 7.449, time : 484.39

epoch : 2, global_step : 7352, loss : 7.510, time : 528.51

epoch : 2, global_step : 7452, loss : 7.233, time : 572.64

epoch : 2, global_step : 7552, loss : 7.554, time : 616.84

epoch : 2, global_step : 7652, loss : 7.341, time : 661.05

epoch : 2, global_step : 7752, loss : 7.277, time : 705.33

epoch : 2, global_step : 7852, loss : 7.139, time : 751.14

epoch : 2, global_step : 7952, loss : 7.316, time : 797.29

epoch : 2, global_step : 8052, loss : 7.329, time : 843.76

epoch : 2, global_step : 8152, loss : 7.331, time : 889.81

epoch : 2, global_step : 8252, loss : 7.424, time : 936.15

epoch : 2, global_step : 8352, loss : 7.371, time : 981.93

epoch : 2, global_step : 8452, loss : 7.379, time : 1027.88

epoch : 2, global_step : 8552, loss : 7.321, time : 1074.30

epoch : 2, global_step : 8652, loss : 7.433, time : 1120.52

epoch : 2, global_step : 8752, loss : 7.450, time : 1166.60

epoch : 2, global_step : 8852, loss : 7.423, time : 1212.70

epoch : 2, global_step : 8952, loss : 7.361, time : 1258.88

epoch : 2, global_step : 9052, loss : 7.369, time : 1305.03

epoch : 2, global_step : 9152, loss : 7.393, time : 1351.06

dev-epoch : 2, loss : 7.792, time : 1386.41

dev-epoch : 2, loss : 7.644, time : 1386.67

dev-epoch : 2, loss : 7.628, time : 1386.90

dev-epoch : 2, loss : 7.951, time : 1387.13

dev-epoch : 2, loss : 7.405, time : 1387.36

dev-epoch : 2, loss : 7.632, time : 1387.59

dev-epoch : 2, loss : 7.728, time : 1387.82

dev-epoch : 2, loss : 7.842, time : 1388.14

dev-epoch : 2, loss : 7.597, time : 1388.44

dev-epoch : 2, loss : 7.667, time : 1388.74

dev-epoch : 2, loss : 7.747, time : 1388.97

dev-epoch : 2, loss : 7.662, time : 1389.20

dev-epoch : 2, loss : 7.613, time : 1389.43

dev-epoch : 2, loss : 7.816, time : 1389.65

dev-epoch : 2, loss : 7.838, time : 1389.88

dev-epoch : 2, loss : 7.573, time : 1390.21

dev-epoch : 2, loss : 7.534, time : 1390.49

dev-epoch : 2, loss : 7.606, time : 1390.83

one epoch done, spend time : 1390.8305203914642
Successfully saved model

epoch : 3, global_step : 9328, loss : 7.243, time : 46.00

epoch : 3, global_step : 9428, loss : 7.470, time : 91.94

epoch : 3, global_step : 9528, loss : 7.511, time : 137.87

epoch : 3, global_step : 9628, loss : 7.564, time : 183.89

epoch : 3, global_step : 9728, loss : 7.050, time : 229.87

epoch : 3, global_step : 9828, loss : 7.479, time : 275.52

epoch : 3, global_step : 9928, loss : 7.471, time : 321.58

epoch : 3, global_step : 10028, loss : 7.172, time : 367.58

epoch : 3, global_step : 10128, loss : 7.127, time : 413.46

epoch : 3, global_step : 10228, loss : 7.028, time : 459.26

epoch : 3, global_step : 10328, loss : 7.379, time : 505.07

epoch : 3, global_step : 10428, loss : 7.446, time : 551.01

epoch : 3, global_step : 10528, loss : 7.174, time : 597.09

epoch : 3, global_step : 10628, loss : 7.429, time : 642.96

epoch : 3, global_step : 10728, loss : 7.291, time : 689.18

epoch : 3, global_step : 10828, loss : 7.212, time : 734.98

epoch : 3, global_step : 10928, loss : 7.085, time : 780.77

epoch : 3, global_step : 11028, loss : 7.265, time : 826.72

epoch : 3, global_step : 11128, loss : 7.265, time : 872.58

epoch : 3, global_step : 11228, loss : 7.288, time : 918.78

epoch : 3, global_step : 11328, loss : 7.350, time : 964.31

epoch : 3, global_step : 11428, loss : 7.313, time : 1010.24

epoch : 3, global_step : 11528, loss : 7.319, time : 1056.11

epoch : 3, global_step : 11628, loss : 7.255, time : 1101.90

epoch : 3, global_step : 11728, loss : 7.356, time : 1147.84

epoch : 3, global_step : 11828, loss : 7.363, time : 1193.63

epoch : 3, global_step : 11928, loss : 7.346, time : 1239.34

epoch : 3, global_step : 12028, loss : 7.302, time : 1285.07

epoch : 3, global_step : 12128, loss : 7.317, time : 1330.88

epoch : 3, global_step : 12228, loss : 7.317, time : 1376.89

dev-epoch : 3, loss : 7.704, time : 1412.32

dev-epoch : 3, loss : 7.599, time : 1412.56

dev-epoch : 3, loss : 7.597, time : 1412.79

dev-epoch : 3, loss : 7.877, time : 1413.02

dev-epoch : 3, loss : 7.365, time : 1413.25

dev-epoch : 3, loss : 7.574, time : 1413.48

dev-epoch : 3, loss : 7.694, time : 1413.73

dev-epoch : 3, loss : 7.802, time : 1414.03

dev-epoch : 3, loss : 7.555, time : 1414.43

dev-epoch : 3, loss : 7.596, time : 1414.65

dev-epoch : 3, loss : 7.705, time : 1414.89

dev-epoch : 3, loss : 7.615, time : 1415.12

dev-epoch : 3, loss : 7.585, time : 1415.34

dev-epoch : 3, loss : 7.751, time : 1415.57

dev-epoch : 3, loss : 7.795, time : 1415.84

dev-epoch : 3, loss : 7.539, time : 1416.08

dev-epoch : 3, loss : 7.500, time : 1416.31

dev-epoch : 3, loss : 7.565, time : 1416.58

one epoch done, spend time : 1416.5812392234802
Successfully saved model

epoch : 4, global_step : 12404, loss : 7.185, time : 45.77

epoch : 4, global_step : 12504, loss : 7.393, time : 91.53

epoch : 4, global_step : 12604, loss : 7.442, time : 137.45

epoch : 4, global_step : 12704, loss : 7.496, time : 183.44

epoch : 4, global_step : 12804, loss : 7.008, time : 229.33

epoch : 4, global_step : 12904, loss : 7.422, time : 275.15

epoch : 4, global_step : 13004, loss : 7.383, time : 321.27

epoch : 4, global_step : 13104, loss : 7.132, time : 367.03

epoch : 4, global_step : 13204, loss : 7.079, time : 413.04

epoch : 4, global_step : 13304, loss : 6.983, time : 459.21

epoch : 4, global_step : 13404, loss : 7.321, time : 504.97

epoch : 4, global_step : 13504, loss : 7.392, time : 550.87

epoch : 4, global_step : 13604, loss : 7.113, time : 596.59

epoch : 4, global_step : 13704, loss : 7.354, time : 642.75

epoch : 4, global_step : 13804, loss : 7.230, time : 688.64

epoch : 4, global_step : 13904, loss : 7.141, time : 734.57

epoch : 4, global_step : 14004, loss : 7.031, time : 780.51

epoch : 4, global_step : 14104, loss : 7.188, time : 826.50

epoch : 4, global_step : 14204, loss : 7.209, time : 872.50

epoch : 4, global_step : 14304, loss : 7.210, time : 918.41

epoch : 4, global_step : 14404, loss : 7.274, time : 964.19

epoch : 4, global_step : 14504, loss : 7.234, time : 1010.16

epoch : 4, global_step : 14604, loss : 7.243, time : 1056.22

epoch : 4, global_step : 14704, loss : 7.173, time : 1101.98

epoch : 4, global_step : 14804, loss : 7.248, time : 1147.89

epoch : 4, global_step : 14904, loss : 7.263, time : 1193.70

epoch : 4, global_step : 15004, loss : 7.251, time : 1239.64

epoch : 4, global_step : 15104, loss : 7.187, time : 1285.43

epoch : 4, global_step : 15204, loss : 7.222, time : 1331.38

epoch : 4, global_step : 15304, loss : 7.210, time : 1377.37

dev-epoch : 4, loss : 7.574, time : 1412.60

dev-epoch : 4, loss : 7.474, time : 1412.85

dev-epoch : 4, loss : 7.459, time : 1413.10

dev-epoch : 4, loss : 7.719, time : 1413.40

dev-epoch : 4, loss : 7.272, time : 1413.64

dev-epoch : 4, loss : 7.449, time : 1413.87

dev-epoch : 4, loss : 7.561, time : 1414.09

dev-epoch : 4, loss : 7.663, time : 1414.32

dev-epoch : 4, loss : 7.430, time : 1414.55

dev-epoch : 4, loss : 7.470, time : 1414.86

dev-epoch : 4, loss : 7.574, time : 1415.15

dev-epoch : 4, loss : 7.482, time : 1415.47

dev-epoch : 4, loss : 7.454, time : 1415.71

dev-epoch : 4, loss : 7.615, time : 1415.93

dev-epoch : 4, loss : 7.630, time : 1416.16

dev-epoch : 4, loss : 7.421, time : 1416.40

dev-epoch : 4, loss : 7.388, time : 1416.63

dev-epoch : 4, loss : 7.445, time : 1416.92

one epoch done, spend time : 1416.918713092804
Successfully saved model

epoch : 5, global_step : 15480, loss : 7.101, time : 45.99

epoch : 5, global_step : 15580, loss : 7.269, time : 92.03

epoch : 5, global_step : 15680, loss : 7.317, time : 137.83

epoch : 5, global_step : 15780, loss : 7.381, time : 183.71

epoch : 5, global_step : 15880, loss : 6.919, time : 229.54

epoch : 5, global_step : 15980, loss : 7.281, time : 275.59

epoch : 5, global_step : 16080, loss : 7.233, time : 321.61

epoch : 5, global_step : 16180, loss : 7.031, time : 367.34

epoch : 5, global_step : 16280, loss : 6.971, time : 413.07

epoch : 5, global_step : 16380, loss : 6.892, time : 459.23

epoch : 5, global_step : 16480, loss : 7.207, time : 505.21

epoch : 5, global_step : 16580, loss : 7.252, time : 551.08

epoch : 5, global_step : 16680, loss : 7.007, time : 597.02

epoch : 5, global_step : 16780, loss : 7.221, time : 642.94

epoch : 5, global_step : 16880, loss : 7.117, time : 689.00

epoch : 5, global_step : 16980, loss : 7.022, time : 734.82

epoch : 5, global_step : 17080, loss : 6.942, time : 780.89

epoch : 5, global_step : 17180, loss : 7.085, time : 826.87

epoch : 5, global_step : 17280, loss : 7.103, time : 872.88

epoch : 5, global_step : 17380, loss : 7.089, time : 918.76

epoch : 5, global_step : 17480, loss : 7.145, time : 964.85

epoch : 5, global_step : 17580, loss : 7.119, time : 1010.53

epoch : 5, global_step : 17680, loss : 7.131, time : 1056.64

epoch : 5, global_step : 17780, loss : 7.063, time : 1102.84

epoch : 5, global_step : 17880, loss : 7.123, time : 1148.63

epoch : 5, global_step : 17980, loss : 7.148, time : 1194.59

epoch : 5, global_step : 18080, loss : 7.137, time : 1240.54

epoch : 5, global_step : 18180, loss : 7.074, time : 1286.18

epoch : 5, global_step : 18280, loss : 7.122, time : 1332.48

epoch : 5, global_step : 18380, loss : 7.114, time : 1378.51

dev-epoch : 5, loss : 7.455, time : 1413.72

dev-epoch : 5, loss : 7.355, time : 1413.94

dev-epoch : 5, loss : 7.348, time : 1414.21

dev-epoch : 5, loss : 7.582, time : 1414.47

dev-epoch : 5, loss : 7.187, time : 1414.75

dev-epoch : 5, loss : 7.334, time : 1414.98

dev-epoch : 5, loss : 7.437, time : 1415.21

dev-epoch : 5, loss : 7.529, time : 1415.44

dev-epoch : 5, loss : 7.324, time : 1415.66

dev-epoch : 5, loss : 7.351, time : 1415.90

dev-epoch : 5, loss : 7.447, time : 1416.23

dev-epoch : 5, loss : 7.361, time : 1416.55

dev-epoch : 5, loss : 7.346, time : 1416.85

dev-epoch : 5, loss : 7.492, time : 1417.08

dev-epoch : 5, loss : 7.493, time : 1417.31

dev-epoch : 5, loss : 7.309, time : 1417.54

dev-epoch : 5, loss : 7.284, time : 1417.77

dev-epoch : 5, loss : 7.345, time : 1417.99

one epoch done, spend time : 1417.9932346343994
Successfully saved model

epoch : 6, global_step : 18556, loss : 7.027, time : 46.01

epoch : 6, global_step : 18656, loss : 7.182, time : 91.85

epoch : 6, global_step : 18756, loss : 7.205, time : 137.78

epoch : 6, global_step : 18856, loss : 7.285, time : 183.72

epoch : 6, global_step : 18956, loss : 6.868, time : 229.47

epoch : 6, global_step : 19056, loss : 7.185, time : 275.31

epoch : 6, global_step : 19156, loss : 7.154, time : 321.09

epoch : 6, global_step : 19256, loss : 6.972, time : 367.11

epoch : 6, global_step : 19356, loss : 6.905, time : 413.00

epoch : 6, global_step : 19456, loss : 6.855, time : 458.83

epoch : 6, global_step : 19556, loss : 7.148, time : 504.90

epoch : 6, global_step : 19656, loss : 7.176, time : 551.01

epoch : 6, global_step : 19756, loss : 6.950, time : 597.05

epoch : 6, global_step : 19856, loss : 7.154, time : 642.91

epoch : 6, global_step : 19956, loss : 7.071, time : 689.18

epoch : 6, global_step : 20056, loss : 6.979, time : 735.60

epoch : 6, global_step : 20156, loss : 6.894, time : 781.47

epoch : 6, global_step : 20256, loss : 7.042, time : 827.31

epoch : 6, global_step : 20356, loss : 7.064, time : 873.44

epoch : 6, global_step : 20456, loss : 7.048, time : 919.45

epoch : 6, global_step : 20556, loss : 7.104, time : 965.28

epoch : 6, global_step : 20656, loss : 7.085, time : 1011.23

epoch : 6, global_step : 20756, loss : 7.091, time : 1057.02

epoch : 6, global_step : 20856, loss : 7.040, time : 1103.18

epoch : 6, global_step : 20956, loss : 7.091, time : 1149.19

epoch : 6, global_step : 21056, loss : 7.113, time : 1195.00

epoch : 6, global_step : 21156, loss : 7.114, time : 1240.93

epoch : 6, global_step : 21256, loss : 7.045, time : 1286.85

epoch : 6, global_step : 21356, loss : 7.088, time : 1332.88

epoch : 6, global_step : 21456, loss : 7.080, time : 1378.82

dev-epoch : 6, loss : 7.447, time : 1413.88

dev-epoch : 6, loss : 7.352, time : 1414.11

dev-epoch : 6, loss : 7.348, time : 1414.34

dev-epoch : 6, loss : 7.574, time : 1414.56

dev-epoch : 6, loss : 7.195, time : 1414.81

dev-epoch : 6, loss : 7.325, time : 1415.09

dev-epoch : 6, loss : 7.431, time : 1415.39

dev-epoch : 6, loss : 7.525, time : 1415.62

dev-epoch : 6, loss : 7.320, time : 1415.86

dev-epoch : 6, loss : 7.351, time : 1416.08

dev-epoch : 6, loss : 7.453, time : 1416.31

dev-epoch : 6, loss : 7.360, time : 1416.54

dev-epoch : 6, loss : 7.353, time : 1416.86

dev-epoch : 6, loss : 7.492, time : 1417.13

dev-epoch : 6, loss : 7.484, time : 1417.46

dev-epoch : 6, loss : 7.299, time : 1417.69

dev-epoch : 6, loss : 7.281, time : 1417.92

dev-epoch : 6, loss : 7.340, time : 1418.15

one epoch done, spend time : 1418.1481025218964
Successfully saved model

epoch : 7, global_step : 21632, loss : 7.002, time : 46.03

epoch : 7, global_step : 21732, loss : 7.153, time : 91.95

epoch : 7, global_step : 21832, loss : 7.180, time : 137.84

epoch : 7, global_step : 21932, loss : 7.273, time : 184.02

epoch : 7, global_step : 22032, loss : 6.866, time : 230.02

epoch : 7, global_step : 22132, loss : 7.161, time : 276.11

epoch : 7, global_step : 22232, loss : 7.131, time : 322.21

epoch : 7, global_step : 22332, loss : 6.957, time : 368.27

epoch : 7, global_step : 22432, loss : 6.891, time : 414.11

epoch : 7, global_step : 22532, loss : 6.840, time : 460.15

epoch : 7, global_step : 22632, loss : 7.137, time : 505.92

epoch : 7, global_step : 22732, loss : 7.154, time : 551.80

epoch : 7, global_step : 22832, loss : 6.935, time : 597.83

epoch : 7, global_step : 22932, loss : 7.139, time : 643.81

epoch : 7, global_step : 23032, loss : 7.055, time : 689.86

epoch : 7, global_step : 23132, loss : 6.957, time : 735.59

epoch : 7, global_step : 23232, loss : 6.891, time : 781.53

epoch : 7, global_step : 23332, loss : 7.033, time : 827.48

epoch : 7, global_step : 23432, loss : 7.050, time : 873.37

epoch : 7, global_step : 23532, loss : 7.036, time : 919.10

epoch : 7, global_step : 23632, loss : 7.089, time : 965.23

epoch : 7, global_step : 23732, loss : 7.066, time : 1011.00

epoch : 7, global_step : 23832, loss : 7.079, time : 1056.93

epoch : 7, global_step : 23932, loss : 7.031, time : 1102.83

epoch : 7, global_step : 24032, loss : 7.076, time : 1148.51

epoch : 7, global_step : 24132, loss : 7.097, time : 1194.46

epoch : 7, global_step : 24232, loss : 7.097, time : 1240.25

epoch : 7, global_step : 24332, loss : 7.038, time : 1286.17

epoch : 7, global_step : 24432, loss : 7.081, time : 1331.94

epoch : 7, global_step : 24532, loss : 7.068, time : 1377.95

dev-epoch : 7, loss : 7.458, time : 1413.09

dev-epoch : 7, loss : 7.360, time : 1413.32

dev-epoch : 7, loss : 7.363, time : 1413.55

dev-epoch : 7, loss : 7.583, time : 1413.78

dev-epoch : 7, loss : 7.199, time : 1414.01

dev-epoch : 7, loss : 7.335, time : 1414.23

dev-epoch : 7, loss : 7.449, time : 1414.50

dev-epoch : 7, loss : 7.537, time : 1414.79

dev-epoch : 7, loss : 7.326, time : 1415.15

dev-epoch : 7, loss : 7.353, time : 1415.39

dev-epoch : 7, loss : 7.465, time : 1415.61

dev-epoch : 7, loss : 7.366, time : 1415.84

dev-epoch : 7, loss : 7.361, time : 1416.08

dev-epoch : 7, loss : 7.498, time : 1416.31

dev-epoch : 7, loss : 7.497, time : 1416.65

dev-epoch : 7, loss : 7.308, time : 1416.92

dev-epoch : 7, loss : 7.289, time : 1417.23

dev-epoch : 7, loss : 7.350, time : 1417.45

one epoch done, spend time : 1417.4529366493225
Successfully saved model

epoch : 8, global_step : 24708, loss : 6.990, time : 45.73

epoch : 8, global_step : 24808, loss : 7.149, time : 91.54

epoch : 8, global_step : 24908, loss : 7.163, time : 137.24

epoch : 8, global_step : 25008, loss : 7.260, time : 183.11

epoch : 8, global_step : 25108, loss : 6.859, time : 228.98

epoch : 8, global_step : 25208, loss : 7.157, time : 275.00

epoch : 8, global_step : 25308, loss : 7.124, time : 320.82

epoch : 8, global_step : 25408, loss : 6.956, time : 366.85

epoch : 8, global_step : 25508, loss : 6.883, time : 412.79

epoch : 8, global_step : 25608, loss : 6.837, time : 458.93

epoch : 8, global_step : 25708, loss : 7.127, time : 504.80

epoch : 8, global_step : 25808, loss : 7.149, time : 550.66

epoch : 8, global_step : 25908, loss : 6.933, time : 596.61

epoch : 8, global_step : 26008, loss : 7.124, time : 642.81

epoch : 8, global_step : 26108, loss : 7.047, time : 688.67

epoch : 8, global_step : 26208, loss : 6.946, time : 734.68

epoch : 8, global_step : 26308, loss : 6.889, time : 780.56

epoch : 8, global_step : 26408, loss : 7.028, time : 826.45

epoch : 8, global_step : 26508, loss : 7.039, time : 872.44

epoch : 8, global_step : 26608, loss : 7.034, time : 918.40

epoch : 8, global_step : 26708, loss : 7.092, time : 964.34

epoch : 8, global_step : 26808, loss : 7.060, time : 1010.19

epoch : 8, global_step : 26908, loss : 7.074, time : 1056.22

epoch : 8, global_step : 27008, loss : 7.018, time : 1102.08

epoch : 8, global_step : 27108, loss : 7.078, time : 1148.01

epoch : 8, global_step : 27208, loss : 7.097, time : 1193.98

epoch : 8, global_step : 27308, loss : 7.098, time : 1239.90

epoch : 8, global_step : 27408, loss : 7.030, time : 1285.90

epoch : 8, global_step : 27508, loss : 7.079, time : 1331.79

epoch : 8, global_step : 27608, loss : 7.065, time : 1377.63

dev-epoch : 8, loss : 7.460, time : 1412.85

dev-epoch : 8, loss : 7.374, time : 1413.08

dev-epoch : 8, loss : 7.370, time : 1413.34

dev-epoch : 8, loss : 7.591, time : 1413.61

dev-epoch : 8, loss : 7.205, time : 1413.83

dev-epoch : 8, loss : 7.344, time : 1414.07

dev-epoch : 8, loss : 7.453, time : 1414.29

dev-epoch : 8, loss : 7.546, time : 1414.53

dev-epoch : 8, loss : 7.338, time : 1414.76

dev-epoch : 8, loss : 7.360, time : 1415.09

dev-epoch : 8, loss : 7.472, time : 1415.39

dev-epoch : 8, loss : 7.373, time : 1415.71

dev-epoch : 8, loss : 7.368, time : 1415.93

dev-epoch : 8, loss : 7.498, time : 1416.16

dev-epoch : 8, loss : 7.503, time : 1416.39

dev-epoch : 8, loss : 7.313, time : 1416.62

dev-epoch : 8, loss : 7.294, time : 1416.85

dev-epoch : 8, loss : 7.359, time : 1417.18

one epoch done, spend time : 1417.1830246448517
Successfully saved model

epoch : 9, global_step : 27784, loss : 6.983, time : 46.15

epoch : 9, global_step : 27884, loss : 7.142, time : 92.19

epoch : 9, global_step : 27984, loss : 7.160, time : 137.98

epoch : 9, global_step : 28084, loss : 7.252, time : 183.71

epoch : 9, global_step : 28184, loss : 6.855, time : 229.71

epoch : 9, global_step : 28284, loss : 7.150, time : 275.84

epoch : 9, global_step : 28384, loss : 7.117, time : 321.94

epoch : 9, global_step : 28484, loss : 6.953, time : 367.80

epoch : 9, global_step : 28584, loss : 6.881, time : 413.64

epoch : 9, global_step : 28684, loss : 6.829, time : 459.60

epoch : 9, global_step : 28784, loss : 7.128, time : 505.47

epoch : 9, global_step : 28884, loss : 7.145, time : 551.25

epoch : 9, global_step : 28984, loss : 6.931, time : 597.11

epoch : 9, global_step : 29084, loss : 7.121, time : 642.95

epoch : 9, global_step : 29184, loss : 7.048, time : 689.06

epoch : 9, global_step : 29284, loss : 6.950, time : 734.80

epoch : 9, global_step : 29384, loss : 6.881, time : 780.71

epoch : 9, global_step : 29484, loss : 7.028, time : 826.62

epoch : 9, global_step : 29584, loss : 7.036, time : 872.60

epoch : 9, global_step : 29684, loss : 7.025, time : 918.51

epoch : 9, global_step : 29784, loss : 7.085, time : 964.58

epoch : 9, global_step : 29884, loss : 7.058, time : 1010.51

epoch : 9, global_step : 29984, loss : 7.072, time : 1056.56

epoch : 9, global_step : 30084, loss : 7.018, time : 1102.86

epoch : 9, global_step : 30184, loss : 7.077, time : 1148.79

epoch : 9, global_step : 30284, loss : 7.092, time : 1194.64

epoch : 9, global_step : 30384, loss : 7.091, time : 1240.56

epoch : 9, global_step : 30484, loss : 7.028, time : 1286.66

epoch : 9, global_step : 30584, loss : 7.080, time : 1332.73

epoch : 9, global_step : 30684, loss : 7.064, time : 1378.75

dev-epoch : 9, loss : 7.469, time : 1413.95

dev-epoch : 9, loss : 7.375, time : 1414.19

dev-epoch : 9, loss : 7.372, time : 1414.47

dev-epoch : 9, loss : 7.603, time : 1414.71

dev-epoch : 9, loss : 7.208, time : 1414.98

dev-epoch : 9, loss : 7.349, time : 1415.20

dev-epoch : 9, loss : 7.458, time : 1415.43

dev-epoch : 9, loss : 7.554, time : 1415.66

dev-epoch : 9, loss : 7.340, time : 1415.89

dev-epoch : 9, loss : 7.365, time : 1416.12

dev-epoch : 9, loss : 7.473, time : 1416.43

dev-epoch : 9, loss : 7.375, time : 1416.71

dev-epoch : 9, loss : 7.379, time : 1417.02

dev-epoch : 9, loss : 7.505, time : 1417.26

dev-epoch : 9, loss : 7.504, time : 1417.49

dev-epoch : 9, loss : 7.317, time : 1417.72

dev-epoch : 9, loss : 7.304, time : 1417.95

dev-epoch : 9, loss : 7.357, time : 1418.18

one epoch done, spend time : 1418.1786890029907
Successfully saved model

epoch : 10, global_step : 30860, loss : 6.984, time : 46.02

epoch : 10, global_step : 30960, loss : 7.135, time : 91.96

epoch : 10, global_step : 31060, loss : 7.154, time : 137.84

epoch : 10, global_step : 31160, loss : 7.255, time : 183.76

epoch : 10, global_step : 31260, loss : 6.847, time : 229.76

epoch : 10, global_step : 31360, loss : 7.144, time : 275.69

epoch : 10, global_step : 31460, loss : 7.120, time : 321.61

epoch : 10, global_step : 31560, loss : 6.949, time : 367.50

epoch : 10, global_step : 31660, loss : 6.878, time : 413.40

epoch : 10, global_step : 31760, loss : 6.824, time : 459.32

epoch : 10, global_step : 31860, loss : 7.129, time : 505.37

epoch : 10, global_step : 31960, loss : 7.139, time : 551.28

epoch : 10, global_step : 32060, loss : 6.926, time : 597.29

epoch : 10, global_step : 32160, loss : 7.122, time : 643.29

epoch : 10, global_step : 32260, loss : 7.045, time : 689.58

epoch : 10, global_step : 32360, loss : 6.945, time : 735.54

epoch : 10, global_step : 32460, loss : 6.879, time : 781.44

epoch : 10, global_step : 32560, loss : 7.021, time : 827.25

epoch : 10, global_step : 32660, loss : 7.031, time : 873.55

epoch : 10, global_step : 32760, loss : 7.025, time : 919.68

epoch : 10, global_step : 32860, loss : 7.087, time : 965.55

epoch : 10, global_step : 32960, loss : 7.051, time : 1011.58

epoch : 10, global_step : 33060, loss : 7.071, time : 1057.53

epoch : 10, global_step : 33160, loss : 7.022, time : 1103.50

epoch : 10, global_step : 33260, loss : 7.071, time : 1149.44

epoch : 10, global_step : 33360, loss : 7.089, time : 1195.66

epoch : 10, global_step : 33460, loss : 7.087, time : 1241.76

epoch : 10, global_step : 33560, loss : 7.020, time : 1287.76

epoch : 10, global_step : 33660, loss : 7.073, time : 1333.77

epoch : 10, global_step : 33760, loss : 7.062, time : 1379.69

dev-epoch : 10, loss : 7.464, time : 1414.82

dev-epoch : 10, loss : 7.380, time : 1415.08

dev-epoch : 10, loss : 7.378, time : 1415.35

dev-epoch : 10, loss : 7.599, time : 1415.58

dev-epoch : 10, loss : 7.215, time : 1415.81

dev-epoch : 10, loss : 7.349, time : 1416.04

dev-epoch : 10, loss : 7.463, time : 1416.28

dev-epoch : 10, loss : 7.556, time : 1416.51

dev-epoch : 10, loss : 7.343, time : 1416.79

dev-epoch : 10, loss : 7.368, time : 1417.06

dev-epoch : 10, loss : 7.484, time : 1417.38

dev-epoch : 10, loss : 7.381, time : 1417.61

dev-epoch : 10, loss : 7.376, time : 1417.84

dev-epoch : 10, loss : 7.511, time : 1418.06

dev-epoch : 10, loss : 7.511, time : 1418.29

dev-epoch : 10, loss : 7.320, time : 1418.52

dev-epoch : 10, loss : 7.303, time : 1418.74

dev-epoch : 10, loss : 7.365, time : 1419.04

one epoch done, spend time : 1419.0359017848969
Successfully saved model

epoch : 11, global_step : 33936, loss : 6.985, time : 45.71

epoch : 11, global_step : 34036, loss : 7.136, time : 91.57

epoch : 11, global_step : 34136, loss : 7.154, time : 137.47

epoch : 11, global_step : 34236, loss : 7.254, time : 183.23

epoch : 11, global_step : 34336, loss : 6.851, time : 229.28

epoch : 11, global_step : 34436, loss : 7.145, time : 275.07

epoch : 11, global_step : 34536, loss : 7.118, time : 320.96

epoch : 11, global_step : 34636, loss : 6.950, time : 366.74

epoch : 11, global_step : 34736, loss : 6.876, time : 412.73

epoch : 11, global_step : 34836, loss : 6.817, time : 458.56

epoch : 11, global_step : 34936, loss : 7.130, time : 504.59

epoch : 11, global_step : 35036, loss : 7.138, time : 550.51

epoch : 11, global_step : 35136, loss : 6.933, time : 596.81

epoch : 11, global_step : 35236, loss : 7.121, time : 642.62

epoch : 11, global_step : 35336, loss : 7.037, time : 688.64

epoch : 11, global_step : 35436, loss : 6.942, time : 734.39

epoch : 11, global_step : 35536, loss : 6.872, time : 780.02

epoch : 11, global_step : 35636, loss : 7.022, time : 826.40

epoch : 11, global_step : 35736, loss : 7.027, time : 872.32

epoch : 11, global_step : 35836, loss : 7.024, time : 918.15

epoch : 11, global_step : 35936, loss : 7.085, time : 964.53

epoch : 11, global_step : 36036, loss : 7.047, time : 1010.45

epoch : 11, global_step : 36136, loss : 7.070, time : 1056.64

epoch : 11, global_step : 36236, loss : 7.015, time : 1102.57

epoch : 11, global_step : 36336, loss : 7.070, time : 1148.53

epoch : 11, global_step : 36436, loss : 7.087, time : 1194.46

epoch : 11, global_step : 36536, loss : 7.082, time : 1240.65

epoch : 11, global_step : 36636, loss : 7.024, time : 1286.56

epoch : 11, global_step : 36736, loss : 7.076, time : 1332.44

epoch : 11, global_step : 36836, loss : 7.051, time : 1378.39

dev-epoch : 11, loss : 7.465, time : 1413.69

dev-epoch : 11, loss : 7.377, time : 1413.92

dev-epoch : 11, loss : 7.377, time : 1414.14

dev-epoch : 11, loss : 7.600, time : 1414.38

dev-epoch : 11, loss : 7.214, time : 1414.60

dev-epoch : 11, loss : 7.349, time : 1414.83

dev-epoch : 11, loss : 7.457, time : 1415.13

dev-epoch : 11, loss : 7.554, time : 1415.40

dev-epoch : 11, loss : 7.343, time : 1415.75

dev-epoch : 11, loss : 7.366, time : 1415.98

dev-epoch : 11, loss : 7.477, time : 1416.20

dev-epoch : 11, loss : 7.382, time : 1416.43

dev-epoch : 11, loss : 7.373, time : 1416.66

dev-epoch : 11, loss : 7.504, time : 1416.89

dev-epoch : 11, loss : 7.507, time : 1417.12

dev-epoch : 11, loss : 7.319, time : 1417.39

dev-epoch : 11, loss : 7.304, time : 1417.79

dev-epoch : 11, loss : 7.360, time : 1418.02

one epoch done, spend time : 1418.0186450481415
Successfully saved model

epoch : 12, global_step : 37012, loss : 6.979, time : 45.79

epoch : 12, global_step : 37112, loss : 7.139, time : 91.78

epoch : 12, global_step : 37212, loss : 7.150, time : 137.67

epoch : 12, global_step : 37312, loss : 7.252, time : 183.65

epoch : 12, global_step : 37412, loss : 6.846, time : 229.59

epoch : 12, global_step : 37512, loss : 7.141, time : 275.43

epoch : 12, global_step : 37612, loss : 7.110, time : 321.27

epoch : 12, global_step : 37712, loss : 6.944, time : 367.12

epoch : 12, global_step : 37812, loss : 6.869, time : 413.06

epoch : 12, global_step : 37912, loss : 6.817, time : 458.97

epoch : 12, global_step : 38012, loss : 7.125, time : 504.88

epoch : 12, global_step : 38112, loss : 7.130, time : 550.67

epoch : 12, global_step : 38212, loss : 6.923, time : 596.65

epoch : 12, global_step : 38312, loss : 7.113, time : 642.54

epoch : 12, global_step : 38412, loss : 7.038, time : 688.52

epoch : 12, global_step : 38512, loss : 6.935, time : 734.37

epoch : 12, global_step : 38612, loss : 6.866, time : 780.27

epoch : 12, global_step : 38712, loss : 7.014, time : 826.56

epoch : 12, global_step : 38812, loss : 7.022, time : 872.66

epoch : 12, global_step : 38912, loss : 7.017, time : 918.61

epoch : 12, global_step : 39012, loss : 7.075, time : 964.51

epoch : 12, global_step : 39112, loss : 7.043, time : 1010.65

epoch : 12, global_step : 39212, loss : 7.059, time : 1056.51

epoch : 12, global_step : 39312, loss : 7.007, time : 1102.40

epoch : 12, global_step : 39412, loss : 7.062, time : 1148.14

epoch : 12, global_step : 39512, loss : 7.082, time : 1194.25

epoch : 12, global_step : 39612, loss : 7.070, time : 1240.24

epoch : 12, global_step : 39712, loss : 7.010, time : 1286.26

epoch : 12, global_step : 39812, loss : 7.059, time : 1332.24

epoch : 12, global_step : 39912, loss : 7.039, time : 1378.14

dev-epoch : 12, loss : 7.457, time : 1413.41

dev-epoch : 12, loss : 7.367, time : 1413.72

dev-epoch : 12, loss : 7.364, time : 1413.96

dev-epoch : 12, loss : 7.584, time : 1414.18

dev-epoch : 12, loss : 7.195, time : 1414.41

dev-epoch : 12, loss : 7.340, time : 1414.64

dev-epoch : 12, loss : 7.447, time : 1414.87

dev-epoch : 12, loss : 7.548, time : 1415.11

dev-epoch : 12, loss : 7.332, time : 1415.40

dev-epoch : 12, loss : 7.356, time : 1415.77

dev-epoch : 12, loss : 7.465, time : 1416.00

dev-epoch : 12, loss : 7.369, time : 1416.23

dev-epoch : 12, loss : 7.363, time : 1416.46

dev-epoch : 12, loss : 7.497, time : 1416.69

dev-epoch : 12, loss : 7.497, time : 1416.91

dev-epoch : 12, loss : 7.306, time : 1417.22

dev-epoch : 12, loss : 7.298, time : 1417.52

dev-epoch : 12, loss : 7.354, time : 1417.82

one epoch done, spend time : 1417.8210308551788
Successfully saved model

epoch : 13, global_step : 40088, loss : 6.957, time : 45.76

epoch : 13, global_step : 40188, loss : 7.128, time : 91.77

epoch : 13, global_step : 40288, loss : 7.137, time : 137.80

epoch : 13, global_step : 40388, loss : 7.237, time : 183.88

epoch : 13, global_step : 40488, loss : 6.821, time : 229.95

epoch : 13, global_step : 40588, loss : 7.134, time : 275.65

epoch : 13, global_step : 40688, loss : 7.084, time : 321.44

epoch : 13, global_step : 40788, loss : 6.927, time : 367.37

epoch : 13, global_step : 40888, loss : 6.857, time : 413.39

epoch : 13, global_step : 40988, loss : 6.800, time : 459.42

epoch : 13, global_step : 41088, loss : 7.109, time : 505.33

epoch : 13, global_step : 41188, loss : 7.111, time : 551.22

epoch : 13, global_step : 41288, loss : 6.900, time : 597.24

epoch : 13, global_step : 41388, loss : 7.083, time : 643.32

epoch : 13, global_step : 41488, loss : 7.014, time : 689.21

epoch : 13, global_step : 41588, loss : 6.906, time : 735.12

epoch : 13, global_step : 41688, loss : 6.836, time : 780.96

epoch : 13, global_step : 41788, loss : 6.988, time : 827.14

epoch : 13, global_step : 41888, loss : 6.992, time : 872.87

epoch : 13, global_step : 41988, loss : 6.979, time : 918.97

epoch : 13, global_step : 42088, loss : 7.048, time : 964.96

epoch : 13, global_step : 42188, loss : 7.009, time : 1010.95

epoch : 13, global_step : 42288, loss : 7.019, time : 1056.89

epoch : 13, global_step : 42388, loss : 6.978, time : 1102.77

epoch : 13, global_step : 42488, loss : 7.030, time : 1148.60

epoch : 13, global_step : 42588, loss : 7.052, time : 1194.61

epoch : 13, global_step : 42688, loss : 7.031, time : 1240.62

epoch : 13, global_step : 42788, loss : 6.978, time : 1286.52

epoch : 13, global_step : 42888, loss : 7.021, time : 1332.30

epoch : 13, global_step : 42988, loss : 6.990, time : 1378.62

dev-epoch : 13, loss : 7.412, time : 1413.76

dev-epoch : 13, loss : 7.338, time : 1413.99

dev-epoch : 13, loss : 7.318, time : 1414.22

dev-epoch : 13, loss : 7.536, time : 1414.45

dev-epoch : 13, loss : 7.176, time : 1414.68

dev-epoch : 13, loss : 7.301, time : 1414.96

dev-epoch : 13, loss : 7.408, time : 1415.33

dev-epoch : 13, loss : 7.502, time : 1415.56

dev-epoch : 13, loss : 7.283, time : 1415.80

dev-epoch : 13, loss : 7.325, time : 1416.02

dev-epoch : 13, loss : 7.426, time : 1416.25

dev-epoch : 13, loss : 7.330, time : 1416.48

dev-epoch : 13, loss : 7.324, time : 1416.70

dev-epoch : 13, loss : 7.463, time : 1416.93

dev-epoch : 13, loss : 7.441, time : 1417.17

dev-epoch : 13, loss : 7.261, time : 1417.47

dev-epoch : 13, loss : 7.254, time : 1417.70

dev-epoch : 13, loss : 7.316, time : 1417.93

one epoch done, spend time : 1417.9303121566772
Successfully saved model

epoch : 14, global_step : 43164, loss : 6.934, time : 46.02

epoch : 14, global_step : 43264, loss : 7.101, time : 91.95

epoch : 14, global_step : 43364, loss : 7.095, time : 137.78

epoch : 14, global_step : 43464, loss : 7.197, time : 183.60

epoch : 14, global_step : 43564, loss : 6.791, time : 229.55

epoch : 14, global_step : 43664, loss : 7.067, time : 275.52

epoch : 14, global_step : 43764, loss : 7.053, time : 321.47

epoch : 14, global_step : 43864, loss : 6.884, time : 367.27

epoch : 14, global_step : 43964, loss : 6.802, time : 413.10

epoch : 14, global_step : 44064, loss : 6.748, time : 458.96

epoch : 14, global_step : 44164, loss : 7.068, time : 505.20

epoch : 14, global_step : 44264, loss : 7.064, time : 551.17

epoch : 14, global_step : 44364, loss : 6.845, time : 597.18

epoch : 14, global_step : 44464, loss : 7.037, time : 643.13

epoch : 14, global_step : 44564, loss : 6.965, time : 689.03

epoch : 14, global_step : 44664, loss : 6.882, time : 734.98

epoch : 14, global_step : 44764, loss : 6.780, time : 780.74

epoch : 14, global_step : 44864, loss : 6.941, time : 826.71

epoch : 14, global_step : 44964, loss : 6.951, time : 872.49

epoch : 14, global_step : 45064, loss : 6.939, time : 918.52

epoch : 14, global_step : 45164, loss : 6.992, time : 964.26

epoch : 14, global_step : 45264, loss : 6.953, time : 1010.17

epoch : 14, global_step : 45364, loss : 6.973, time : 1056.36

epoch : 14, global_step : 45464, loss : 6.926, time : 1102.33

epoch : 14, global_step : 45564, loss : 6.974, time : 1148.14

epoch : 14, global_step : 45664, loss : 6.985, time : 1194.05

epoch : 14, global_step : 45764, loss : 6.996, time : 1239.93

epoch : 14, global_step : 45864, loss : 6.912, time : 1286.03

epoch : 14, global_step : 45964, loss : 6.961, time : 1332.09

epoch : 14, global_step : 46064, loss : 6.930, time : 1378.04

dev-epoch : 14, loss : 7.371, time : 1413.05

dev-epoch : 14, loss : 7.269, time : 1413.27

dev-epoch : 14, loss : 7.284, time : 1413.51

dev-epoch : 14, loss : 7.482, time : 1413.75

dev-epoch : 14, loss : 7.106, time : 1413.99

dev-epoch : 14, loss : 7.253, time : 1414.25

dev-epoch : 14, loss : 7.363, time : 1414.56

dev-epoch : 14, loss : 7.449, time : 1414.79

dev-epoch : 14, loss : 7.229, time : 1415.02

dev-epoch : 14, loss : 7.259, time : 1415.25

dev-epoch : 14, loss : 7.388, time : 1415.48

dev-epoch : 14, loss : 7.282, time : 1415.71

dev-epoch : 14, loss : 7.269, time : 1416.01

dev-epoch : 14, loss : 7.410, time : 1416.27

dev-epoch : 14, loss : 7.394, time : 1416.58

dev-epoch : 14, loss : 7.205, time : 1416.81

dev-epoch : 14, loss : 7.196, time : 1417.04

dev-epoch : 14, loss : 7.268, time : 1417.27

one epoch done, spend time : 1417.2659356594086
Successfully saved model

epoch : 15, global_step : 46240, loss : 6.871, time : 45.90

epoch : 15, global_step : 46340, loss : 7.036, time : 92.00

epoch : 15, global_step : 46440, loss : 7.045, time : 138.13

epoch : 15, global_step : 46540, loss : 7.156, time : 183.88

epoch : 15, global_step : 46640, loss : 6.737, time : 229.94

epoch : 15, global_step : 46740, loss : 7.027, time : 276.05

epoch : 15, global_step : 46840, loss : 6.996, time : 322.13

epoch : 15, global_step : 46940, loss : 6.826, time : 368.07

epoch : 15, global_step : 47040, loss : 6.755, time : 414.44

epoch : 15, global_step : 47140, loss : 6.713, time : 460.40

epoch : 15, global_step : 47240, loss : 7.011, time : 506.66

epoch : 15, global_step : 47340, loss : 7.008, time : 552.50

epoch : 15, global_step : 47440, loss : 6.811, time : 598.44

epoch : 15, global_step : 47540, loss : 7.000, time : 644.64

epoch : 15, global_step : 47640, loss : 6.912, time : 690.63

epoch : 15, global_step : 47740, loss : 6.810, time : 736.59

epoch : 15, global_step : 47840, loss : 6.738, time : 782.62

epoch : 15, global_step : 47940, loss : 6.891, time : 828.69

epoch : 15, global_step : 48040, loss : 6.921, time : 874.72

epoch : 15, global_step : 48140, loss : 6.895, time : 920.76

epoch : 15, global_step : 48240, loss : 6.951, time : 966.85

epoch : 15, global_step : 48340, loss : 6.903, time : 1012.63

epoch : 15, global_step : 48440, loss : 6.934, time : 1058.58

epoch : 15, global_step : 48540, loss : 6.891, time : 1104.75

epoch : 15, global_step : 48640, loss : 6.927, time : 1150.46

epoch : 15, global_step : 48740, loss : 6.932, time : 1196.22

epoch : 15, global_step : 48840, loss : 6.957, time : 1242.24

epoch : 15, global_step : 48940, loss : 6.861, time : 1288.26

epoch : 15, global_step : 49040, loss : 6.923, time : 1334.16

epoch : 15, global_step : 49140, loss : 6.898, time : 1380.03

dev-epoch : 15, loss : 7.309, time : 1415.11

dev-epoch : 15, loss : 7.247, time : 1415.34

dev-epoch : 15, loss : 7.229, time : 1415.56

dev-epoch : 15, loss : 7.439, time : 1415.79

dev-epoch : 15, loss : 7.068, time : 1416.02

dev-epoch : 15, loss : 7.205, time : 1416.26

dev-epoch : 15, loss : 7.332, time : 1416.56

dev-epoch : 15, loss : 7.425, time : 1416.97

dev-epoch : 15, loss : 7.190, time : 1417.20

dev-epoch : 15, loss : 7.212, time : 1417.43

dev-epoch : 15, loss : 7.342, time : 1417.66

dev-epoch : 15, loss : 7.242, time : 1417.89

dev-epoch : 15, loss : 7.230, time : 1418.12

dev-epoch : 15, loss : 7.372, time : 1418.36

dev-epoch : 15, loss : 7.366, time : 1418.68

dev-epoch : 15, loss : 7.180, time : 1419.06

dev-epoch : 15, loss : 7.167, time : 1419.29

dev-epoch : 15, loss : 7.232, time : 1419.52

one epoch done, spend time : 1419.524074792862
Successfully saved model

epoch : 16, global_step : 49316, loss : 6.824, time : 45.83

epoch : 16, global_step : 49416, loss : 7.014, time : 91.99

epoch : 16, global_step : 49516, loss : 7.007, time : 137.81

epoch : 16, global_step : 49616, loss : 7.103, time : 183.67

epoch : 16, global_step : 49716, loss : 6.688, time : 229.78

epoch : 16, global_step : 49816, loss : 7.009, time : 275.77

epoch : 16, global_step : 49916, loss : 6.962, time : 321.90

epoch : 16, global_step : 50016, loss : 6.784, time : 367.73

epoch : 16, global_step : 50116, loss : 6.707, time : 413.53

epoch : 16, global_step : 50216, loss : 6.647, time : 459.45

epoch : 16, global_step : 50316, loss : 6.974, time : 505.46

epoch : 16, global_step : 50416, loss : 6.995, time : 551.65

epoch : 16, global_step : 50516, loss : 6.772, time : 597.56

epoch : 16, global_step : 50616, loss : 6.977, time : 643.54

epoch : 16, global_step : 50716, loss : 6.873, time : 689.44

epoch : 16, global_step : 50816, loss : 6.774, time : 735.41

epoch : 16, global_step : 50916, loss : 6.711, time : 781.48

epoch : 16, global_step : 51016, loss : 6.868, time : 827.37

epoch : 16, global_step : 51116, loss : 6.869, time : 873.36

epoch : 16, global_step : 51216, loss : 6.855, time : 919.23

epoch : 16, global_step : 51316, loss : 6.922, time : 965.57

epoch : 16, global_step : 51416, loss : 6.862, time : 1011.79

epoch : 16, global_step : 51516, loss : 6.907, time : 1057.74

epoch : 16, global_step : 51616, loss : 6.846, time : 1103.71

epoch : 16, global_step : 51716, loss : 6.912, time : 1149.79

epoch : 16, global_step : 51816, loss : 6.940, time : 1195.79

epoch : 16, global_step : 51916, loss : 6.905, time : 1241.87

epoch : 16, global_step : 52016, loss : 6.851, time : 1287.82

epoch : 16, global_step : 52116, loss : 6.904, time : 1333.97

epoch : 16, global_step : 52216, loss : 6.860, time : 1380.11

dev-epoch : 16, loss : 7.287, time : 1415.41

dev-epoch : 16, loss : 7.215, time : 1415.64

dev-epoch : 16, loss : 7.206, time : 1415.87

dev-epoch : 16, loss : 7.414, time : 1416.10

dev-epoch : 16, loss : 7.019, time : 1416.33

dev-epoch : 16, loss : 7.180, time : 1416.56

dev-epoch : 16, loss : 7.273, time : 1416.88

dev-epoch : 16, loss : 7.393, time : 1417.15

dev-epoch : 16, loss : 7.154, time : 1417.48

dev-epoch : 16, loss : 7.205, time : 1417.71

dev-epoch : 16, loss : 7.303, time : 1417.94

dev-epoch : 16, loss : 7.215, time : 1418.17

dev-epoch : 16, loss : 7.197, time : 1418.40

dev-epoch : 16, loss : 7.351, time : 1418.63

dev-epoch : 16, loss : 7.317, time : 1418.95

dev-epoch : 16, loss : 7.131, time : 1419.23

dev-epoch : 16, loss : 7.155, time : 1419.56

dev-epoch : 16, loss : 7.188, time : 1419.79

one epoch done, spend time : 1419.787446975708
Successfully saved model

epoch : 17, global_step : 52392, loss : 6.793, time : 45.97

epoch : 17, global_step : 52492, loss : 6.966, time : 91.98

epoch : 17, global_step : 52592, loss : 6.978, time : 138.14

epoch : 17, global_step : 52692, loss : 7.083, time : 184.10

epoch : 17, global_step : 52792, loss : 6.655, time : 229.99

epoch : 17, global_step : 52892, loss : 6.959, time : 275.82

epoch : 17, global_step : 52992, loss : 6.935, time : 321.82

epoch : 17, global_step : 53092, loss : 6.770, time : 367.88

epoch : 17, global_step : 53192, loss : 6.678, time : 413.90

epoch : 17, global_step : 53292, loss : 6.630, time : 460.01

epoch : 17, global_step : 53392, loss : 6.947, time : 506.09

epoch : 17, global_step : 53492, loss : 6.936, time : 552.00

epoch : 17, global_step : 53592, loss : 6.758, time : 598.51

epoch : 17, global_step : 53692, loss : 6.933, time : 644.28

epoch : 17, global_step : 53792, loss : 6.839, time : 690.12

epoch : 17, global_step : 53892, loss : 6.758, time : 736.05

epoch : 17, global_step : 53992, loss : 6.659, time : 782.14

epoch : 17, global_step : 54092, loss : 6.847, time : 828.53

epoch : 17, global_step : 54192, loss : 6.843, time : 874.44

epoch : 17, global_step : 54292, loss : 6.858, time : 920.50

epoch : 17, global_step : 54392, loss : 6.904, time : 966.81

epoch : 17, global_step : 54492, loss : 6.821, time : 1012.73

epoch : 17, global_step : 54592, loss : 6.871, time : 1059.39

epoch : 17, global_step : 54692, loss : 6.809, time : 1105.26

epoch : 17, global_step : 54792, loss : 6.867, time : 1151.16

epoch : 17, global_step : 54892, loss : 6.878, time : 1196.92

epoch : 17, global_step : 54992, loss : 6.892, time : 1242.75

epoch : 17, global_step : 55092, loss : 6.827, time : 1288.62

epoch : 17, global_step : 55192, loss : 6.889, time : 1334.97

epoch : 17, global_step : 55292, loss : 6.844, time : 1380.99

dev-epoch : 17, loss : 7.286, time : 1416.14

dev-epoch : 17, loss : 7.170, time : 1416.43

dev-epoch : 17, loss : 7.165, time : 1416.65

dev-epoch : 17, loss : 7.398, time : 1416.88

dev-epoch : 17, loss : 7.033, time : 1417.11

dev-epoch : 17, loss : 7.166, time : 1417.34

dev-epoch : 17, loss : 7.252, time : 1417.56

dev-epoch : 17, loss : 7.385, time : 1417.86

dev-epoch : 17, loss : 7.138, time : 1418.15

dev-epoch : 17, loss : 7.168, time : 1418.45

dev-epoch : 17, loss : 7.275, time : 1418.68

dev-epoch : 17, loss : 7.188, time : 1418.91

dev-epoch : 17, loss : 7.188, time : 1419.14

dev-epoch : 17, loss : 7.321, time : 1419.37

dev-epoch : 17, loss : 7.307, time : 1419.60

dev-epoch : 17, loss : 7.109, time : 1419.92

dev-epoch : 17, loss : 7.114, time : 1420.25

dev-epoch : 17, loss : 7.175, time : 1420.55

one epoch done, spend time : 1420.5546879768372
Successfully saved model

epoch : 18, global_step : 55468, loss : 6.758, time : 45.94

epoch : 18, global_step : 55568, loss : 6.950, time : 91.87

epoch : 18, global_step : 55668, loss : 6.969, time : 137.76

epoch : 18, global_step : 55768, loss : 7.049, time : 183.67

epoch : 18, global_step : 55868, loss : 6.640, time : 229.80

epoch : 18, global_step : 55968, loss : 6.949, time : 275.62

epoch : 18, global_step : 56068, loss : 6.934, time : 321.47

epoch : 18, global_step : 56168, loss : 6.747, time : 367.27

epoch : 18, global_step : 56268, loss : 6.654, time : 413.24

epoch : 18, global_step : 56368, loss : 6.624, time : 459.15

epoch : 18, global_step : 56468, loss : 6.923, time : 505.12

epoch : 18, global_step : 56568, loss : 6.935, time : 551.31

epoch : 18, global_step : 56668, loss : 6.708, time : 597.48

epoch : 18, global_step : 56768, loss : 6.914, time : 643.44

epoch : 18, global_step : 56868, loss : 6.845, time : 689.39

epoch : 18, global_step : 56968, loss : 6.714, time : 735.24

epoch : 18, global_step : 57068, loss : 6.667, time : 781.00

epoch : 18, global_step : 57168, loss : 6.823, time : 826.98

epoch : 18, global_step : 57268, loss : 6.819, time : 872.93

epoch : 18, global_step : 57368, loss : 6.829, time : 918.99

epoch : 18, global_step : 57468, loss : 6.848, time : 965.03

epoch : 18, global_step : 57568, loss : 6.800, time : 1010.99

epoch : 18, global_step : 57668, loss : 6.853, time : 1057.03

epoch : 18, global_step : 57768, loss : 6.802, time : 1103.32

epoch : 18, global_step : 57868, loss : 6.847, time : 1149.31

epoch : 18, global_step : 57968, loss : 6.850, time : 1195.27

epoch : 18, global_step : 58068, loss : 6.862, time : 1241.17

epoch : 18, global_step : 58168, loss : 6.813, time : 1287.01

epoch : 18, global_step : 58268, loss : 6.870, time : 1333.21

epoch : 18, global_step : 58368, loss : 6.839, time : 1379.18

dev-epoch : 18, loss : 7.242, time : 1414.39

dev-epoch : 18, loss : 7.173, time : 1414.70

dev-epoch : 18, loss : 7.170, time : 1415.10

dev-epoch : 18, loss : 7.386, time : 1415.33

dev-epoch : 18, loss : 6.989, time : 1415.56

dev-epoch : 18, loss : 7.151, time : 1415.79

dev-epoch : 18, loss : 7.239, time : 1416.01

dev-epoch : 18, loss : 7.368, time : 1416.24

dev-epoch : 18, loss : 7.130, time : 1416.51

dev-epoch : 18, loss : 7.139, time : 1416.81

dev-epoch : 18, loss : 7.269, time : 1417.15

dev-epoch : 18, loss : 7.174, time : 1417.37

dev-epoch : 18, loss : 7.175, time : 1417.60

dev-epoch : 18, loss : 7.323, time : 1417.83

dev-epoch : 18, loss : 7.305, time : 1418.06

dev-epoch : 18, loss : 7.095, time : 1418.29

dev-epoch : 18, loss : 7.080, time : 1418.59

dev-epoch : 18, loss : 7.193, time : 1418.90

one epoch done, spend time : 1418.9013030529022
Successfully saved model

epoch : 19, global_step : 58544, loss : 6.740, time : 46.04

epoch : 19, global_step : 58644, loss : 6.957, time : 91.85

epoch : 19, global_step : 58744, loss : 6.949, time : 137.61

epoch : 19, global_step : 58844, loss : 7.035, time : 183.65

epoch : 19, global_step : 58944, loss : 6.634, time : 229.57

epoch : 19, global_step : 59044, loss : 6.923, time : 275.88

epoch : 19, global_step : 59144, loss : 6.900, time : 322.22

epoch : 19, global_step : 59244, loss : 6.743, time : 368.17

epoch : 19, global_step : 59344, loss : 6.641, time : 414.04

epoch : 19, global_step : 59444, loss : 6.598, time : 459.95

epoch : 19, global_step : 59544, loss : 6.923, time : 505.82

epoch : 19, global_step : 59644, loss : 6.919, time : 551.81

epoch : 19, global_step : 59744, loss : 6.734, time : 597.75

epoch : 19, global_step : 59844, loss : 6.929, time : 643.69

epoch : 19, global_step : 59944, loss : 6.840, time : 689.50

epoch : 19, global_step : 60044, loss : 6.688, time : 735.40

epoch : 19, global_step : 60144, loss : 6.658, time : 781.22

epoch : 19, global_step : 60244, loss : 6.828, time : 827.15

epoch : 19, global_step : 60344, loss : 6.821, time : 873.46

epoch : 19, global_step : 60444, loss : 6.809, time : 919.79

epoch : 19, global_step : 60544, loss : 6.833, time : 965.70

epoch : 19, global_step : 60644, loss : 6.770, time : 1011.95

epoch : 19, global_step : 60744, loss : 6.857, time : 1057.97

epoch : 19, global_step : 60844, loss : 6.785, time : 1104.06

epoch : 19, global_step : 60944, loss : 6.843, time : 1150.24

epoch : 19, global_step : 61044, loss : 6.866, time : 1196.16

epoch : 19, global_step : 61144, loss : 6.852, time : 1242.39

epoch : 19, global_step : 61244, loss : 6.830, time : 1288.25

epoch : 19, global_step : 61344, loss : 6.861, time : 1334.20

epoch : 19, global_step : 61444, loss : 6.817, time : 1380.14

dev-epoch : 19, loss : 7.236, time : 1415.28

dev-epoch : 19, loss : 7.175, time : 1415.51

dev-epoch : 19, loss : 7.164, time : 1415.74

dev-epoch : 19, loss : 7.359, time : 1415.96

dev-epoch : 19, loss : 6.987, time : 1416.19

dev-epoch : 19, loss : 7.135, time : 1416.47

dev-epoch : 19, loss : 7.235, time : 1416.85
/home/minbyul/stockenv/lib/python3.5/site-packages/tensorflow/python/ops/gradients_impl.py:97: UserWarning: Converting sparse IndexedSlices to a dense Tensor with 106088448 elements. This may consume a large amount of memory.
  num_elements)

dev-epoch : 19, loss : 7.365, time : 1417.08

dev-epoch : 19, loss : 7.113, time : 1417.31

dev-epoch : 19, loss : 7.117, time : 1417.54

dev-epoch : 19, loss : 7.268, time : 1417.77

dev-epoch : 19, loss : 7.153, time : 1417.99

dev-epoch : 19, loss : 7.149, time : 1418.22

dev-epoch : 19, loss : 7.308, time : 1418.44

dev-epoch : 19, loss : 7.290, time : 1418.70

dev-epoch : 19, loss : 7.094, time : 1418.98

dev-epoch : 19, loss : 7.092, time : 1419.21

dev-epoch : 19, loss : 7.145, time : 1419.44

one epoch done, spend time : 1419.4401423931122
Successfully saved model

